[1112/225441.073:INFO:CONSOLE(86)] "%cERROR: : Root Log Group level Trace color: red;", source: https://shop.deere.com/jdb2cstorefront/_ui/responsive/common/js/tracker.js (86)
[1112/225442.502:INFO:CONSOLE(8)] "storageSpanner.deere initialized and ready on shop.deere.com [object Object]", source: https://assets.adobedtm.com/c271735be4ea/0dbfba1dfa0d/launch-ebdc6dd04d4d.min.js (8)
[1112/225443.529:INFO:CONSOLE(4)] "[Report Only] Refused to evaluate a string as JavaScript because 'unsafe-eval' is not an allowed source of script in the following Content Security Policy directive: "script-src 'self'".
", source:  (4)
[1112/225443.530:INFO:CONSOLE(4)] "Uncaught EvalError: Refused to evaluate a string as JavaScript because 'unsafe-eval' is not an allowed source of script in the following Content Security Policy directive: "script-src 'self'".
", source:  (4)
[1112/225443.532:INFO:CONSOLE(4)] "[Report Only] Refused to evaluate a string as JavaScript because 'unsafe-eval' is not an allowed source of script in the following Content Security Policy directive: "script-src 'self'".
", source:  (4)
[1112/225443.532:INFO:CONSOLE(4)] "Uncaught EvalError: Refused to evaluate a string as JavaScript because 'unsafe-eval' is not an allowed source of script in the following Content Security Policy directive: "script-src 'self'".
", source:  (4)
[1112/225443.533:INFO:CONSOLE(4)] "[Report Only] Refused to evaluate a string as JavaScript because 'unsafe-eval' is not an allowed source of script in the following Content Security Policy directive: "script-src 'self'".
", source:  (4)
[1112/225443.534:INFO:CONSOLE(4)] "Uncaught EvalError: Refused to evaluate a string as JavaScript because 'unsafe-eval' is not an allowed source of script in the following Content Security Policy directive: "script-src 'self'".
", source:  (4)
[1112/225443.535:INFO:CONSOLE(4)] "[Report Only] Refused to evaluate a string as JavaScript because 'unsafe-eval' is not an allowed source of script in the following Content Security Policy directive: "script-src 'self'".
", source:  (4)
[1112/225443.535:INFO:CONSOLE(4)] "Uncaught EvalError: Refused to evaluate a string as JavaScript because 'unsafe-eval' is not an allowed source of script in the following Content Security Policy directive: "script-src 'self'".
", source:  (4)
[1112/225443.551:INFO:CONSOLE(4)] "[Report Only] Refused to evaluate a string as JavaScript because 'unsafe-eval' is not an allowed source of script in the following Content Security Policy directive: "script-src 'self'".
", source:  (4)
[1112/225443.551:INFO:CONSOLE(4)] "Uncaught EvalError: Refused to evaluate a string as JavaScript because 'unsafe-eval' is not an allowed source of script in the following Content Security Policy directive: "script-src 'self'".
", source:  (4)
[1112/225443.552:INFO:CONSOLE(4)] "[Report Only] Refused to evaluate a string as JavaScript because 'unsafe-eval' is not an allowed source of script in the following Content Security Policy directive: "script-src 'self'".
", source:  (4)
[1112/225443.553:INFO:CONSOLE(4)] "Uncaught EvalError: Refused to evaluate a string as JavaScript because 'unsafe-eval' is not an allowed source of script in the following Content Security Policy directive: "script-src 'self'".
", source:  (4)
[1112/225443.554:INFO:CONSOLE(4)] "[Report Only] Refused to evaluate a string as JavaScript because 'unsafe-eval' is not an allowed source of script in the following Content Security Policy directive: "script-src 'self'".
", source:  (4)
[1112/225443.555:INFO:CONSOLE(4)] "Uncaught EvalError: Refused to evaluate a string as JavaScript because 'unsafe-eval' is not an allowed source of script in the following Content Security Policy directive: "script-src 'self'".
", source:  (4)
[1112/225443.556:INFO:CONSOLE(4)] "[Report Only] Refused to evaluate a string as JavaScript because 'unsafe-eval' is not an allowed source of script in the following Content Security Policy directive: "script-src 'self'".
", source:  (4)
[1112/225443.556:INFO:CONSOLE(4)] "Uncaught EvalError: Refused to evaluate a string as JavaScript because 'unsafe-eval' is not an allowed source of script in the following Content Security Policy directive: "script-src 'self'".
", source:  (4)
[1112/225443.557:INFO:CONSOLE(4)] "[Report Only] Refused to evaluate a string as JavaScript because 'unsafe-eval' is not an allowed source of script in the following Content Security Policy directive: "script-src 'self'".
", source:  (4)
[1112/225443.557:INFO:CONSOLE(4)] "Uncaught EvalError: Refused to evaluate a string as JavaScript because 'unsafe-eval' is not an allowed source of script in the following Content Security Policy directive: "script-src 'self'".
", source:  (4)
[1112/225443.558:INFO:CONSOLE(4)] "[Report Only] Refused to evaluate a string as JavaScript because 'unsafe-eval' is not an allowed source of script in the following Content Security Policy directive: "script-src 'self'".
", source:  (4)
[1112/225443.559:INFO:CONSOLE(4)] "Uncaught EvalError: Refused to evaluate a string as JavaScript because 'unsafe-eval' is not an allowed source of script in the following Content Security Policy directive: "script-src 'self'".
", source:  (4)
[1112/225443.560:INFO:CONSOLE(4)] "[Report Only] Refused to evaluate a string as JavaScript because 'unsafe-eval' is not an allowed source of script in the following Content Security Policy directive: "script-src 'self'".
", source:  (4)
[1112/225443.560:INFO:CONSOLE(4)] "Uncaught EvalError: Refused to evaluate a string as JavaScript because 'unsafe-eval' is not an allowed source of script in the following Content Security Policy directive: "script-src 'self'".
", source:  (4)
[1112/225443.613:INFO:CONSOLE(21)] "Refused to apply inline style because it violates the following Content Security Policy directive: "style-src 'self'". Either the 'unsafe-inline' keyword, a hash ('sha256-Gj98pqNYDVLyz5a78q92DIbcC3juvxoVzhtG20Zbx2w='), or a nonce ('nonce-...') is required to enable inline execution.
", source: pptr://__puppeteer_evaluation_script__ (21)
[1112/225443.614:INFO:CONSOLE(21)] "[Report Only] Refused to apply inline style because it violates the following Content Security Policy directive: "style-src 'self'". Either the 'unsafe-inline' keyword, a hash ('sha256-Gj98pqNYDVLyz5a78q92DIbcC3juvxoVzhtG20Zbx2w='), or a nonce ('nonce-...') is required to enable inline execution.
", source: pptr://__puppeteer_evaluation_script__ (21)
[1112/225443.844:INFO:CONSOLE(4)] "Uncaught EvalError: Refused to evaluate a string as JavaScript because 'unsafe-eval' is not an allowed source of script in the following Content Security Policy directive: "script-src https://m.stripe.network 'sha256-e/Jqu4k9Gk1ZCWO6StAsfhF3i7qgIwfuitaD1g9DyvE='".
", source:  (4)
[1112/225443.845:INFO:CONSOLE(4)] "Uncaught EvalError: Refused to evaluate a string as JavaScript because 'unsafe-eval' is not an allowed source of script in the following Content Security Policy directive: "script-src https://m.stripe.network 'sha256-e/Jqu4k9Gk1ZCWO6StAsfhF3i7qgIwfuitaD1g9DyvE='".
", source:  (4)
[1112/225443.846:INFO:CONSOLE(4)] "Uncaught EvalError: Refused to evaluate a string as JavaScript because 'unsafe-eval' is not an allowed source of script in the following Content Security Policy directive: "script-src https://m.stripe.network 'sha256-e/Jqu4k9Gk1ZCWO6StAsfhF3i7qgIwfuitaD1g9DyvE='".
", source:  (4)
[1112/225443.847:INFO:CONSOLE(4)] "Uncaught EvalError: Refused to evaluate a string as JavaScript because 'unsafe-eval' is not an allowed source of script in the following Content Security Policy directive: "script-src https://m.stripe.network 'sha256-e/Jqu4k9Gk1ZCWO6StAsfhF3i7qgIwfuitaD1g9DyvE='".
", source:  (4)
[1112/225443.847:INFO:CONSOLE(4)] "Uncaught EvalError: Refused to evaluate a string as JavaScript because 'unsafe-eval' is not an allowed source of script in the following Content Security Policy directive: "script-src https://m.stripe.network 'sha256-e/Jqu4k9Gk1ZCWO6StAsfhF3i7qgIwfuitaD1g9DyvE='".
", source:  (4)
[1112/225443.853:INFO:CONSOLE(4)] "Uncaught EvalError: Refused to evaluate a string as JavaScript because 'unsafe-eval' is not an allowed source of script in the following Content Security Policy directive: "script-src https://m.stripe.network 'sha256-e/Jqu4k9Gk1ZCWO6StAsfhF3i7qgIwfuitaD1g9DyvE='".
", source:  (4)
[1112/225443.854:INFO:CONSOLE(4)] "Uncaught EvalError: Refused to evaluate a string as JavaScript because 'unsafe-eval' is not an allowed source of script in the following Content Security Policy directive: "script-src https://m.stripe.network 'sha256-e/Jqu4k9Gk1ZCWO6StAsfhF3i7qgIwfuitaD1g9DyvE='".
", source:  (4)
[1112/225443.856:INFO:CONSOLE(4)] "Uncaught EvalError: Refused to evaluate a string as JavaScript because 'unsafe-eval' is not an allowed source of script in the following Content Security Policy directive: "script-src https://m.stripe.network 'sha256-e/Jqu4k9Gk1ZCWO6StAsfhF3i7qgIwfuitaD1g9DyvE='".
", source:  (4)
[1112/225443.857:INFO:CONSOLE(4)] "Uncaught EvalError: Refused to evaluate a string as JavaScript because 'unsafe-eval' is not an allowed source of script in the following Content Security Policy directive: "script-src https://m.stripe.network 'sha256-e/Jqu4k9Gk1ZCWO6StAsfhF3i7qgIwfuitaD1g9DyvE='".
", source:  (4)
[1112/225443.859:INFO:CONSOLE(4)] "Uncaught EvalError: Refused to evaluate a string as JavaScript because 'unsafe-eval' is not an allowed source of script in the following Content Security Policy directive: "script-src https://m.stripe.network 'sha256-e/Jqu4k9Gk1ZCWO6StAsfhF3i7qgIwfuitaD1g9DyvE='".
", source:  (4)
[1112/225443.862:INFO:CONSOLE(4)] "Uncaught EvalError: Refused to evaluate a string as JavaScript because 'unsafe-eval' is not an allowed source of script in the following Content Security Policy directive: "script-src https://m.stripe.network 'sha256-e/Jqu4k9Gk1ZCWO6StAsfhF3i7qgIwfuitaD1g9DyvE='".
", source:  (4)
[1112/225444.039:INFO:CONSOLE(21)] "Refused to apply inline style because it violates the following Content Security Policy directive: "style-src https://m.stripe.network". Either the 'unsafe-inline' keyword, a hash ('sha256-Gj98pqNYDVLyz5a78q92DIbcC3juvxoVzhtG20Zbx2w='), or a nonce ('nonce-...') is required to enable inline execution.
", source: pptr://__puppeteer_evaluation_script__ (21)
[1112/225444.933:INFO:CONSOLE(991)] "Session API Error", source: https://shop.deere.com/jdb2cstorefront/JohnDeereStore/en/product/P57925%3A-Mower-Rotor-Ring/p/P57925 (991)
[1112/225445.337:INFO:CONSOLE(9)] "Adobe Data Layer Push Event", source: https://assets.adobedtm.com/c271735be4ea/0dbfba1dfa0d/launch-ebdc6dd04d4d.min.js (9)
[1112/225445.337:INFO:CONSOLE(9)] "console.groupEnd", source: https://assets.adobedtm.com/c271735be4ea/0dbfba1dfa0d/launch-ebdc6dd04d4d.min.js (9)
[1112/225445.381:INFO:CONSOLE(3)] "Adobe Edge Collect Server Call", source: https://assets.adobedtm.com/c271735be4ea/0dbfba1dfa0d/launch-ebdc6dd04d4d.min.js (3)
[1112/225445.383:INFO:CONSOLE(3)] "console.groupEnd", source: https://assets.adobedtm.com/c271735be4ea/0dbfba1dfa0d/launch-ebdc6dd04d4d.min.js (3)
