[1116/074226.151:INFO:CONSOLE(86)] "%cERROR: : Root Log Group level Trace color: red;", source: https://shop.deere.com/jdb2cstorefront/_ui/responsive/common/js/tracker.js (86)
[1116/074228.174:INFO:CONSOLE(8)] "storageSpanner.deere initialized and ready on shop.deere.com [object Object]", source: https://assets.adobedtm.com/c271735be4ea/0dbfba1dfa0d/launch-ebdc6dd04d4d.min.js (8)
[1116/074228.611:INFO:CONSOLE(4)] "[Report Only] Refused to evaluate a string as JavaScript because 'unsafe-eval' is not an allowed source of script in the following Content Security Policy directive: "script-src 'self'".
", source:  (4)
[1116/074228.612:INFO:CONSOLE(4)] "Uncaught EvalError: Refused to evaluate a string as JavaScript because 'unsafe-eval' is not an allowed source of script in the following Content Security Policy directive: "script-src 'self'".
", source:  (4)
[1116/074228.613:INFO:CONSOLE(4)] "[Report Only] Refused to evaluate a string as JavaScript because 'unsafe-eval' is not an allowed source of script in the following Content Security Policy directive: "script-src 'self'".
", source:  (4)
[1116/074228.613:INFO:CONSOLE(4)] "Uncaught EvalError: Refused to evaluate a string as JavaScript because 'unsafe-eval' is not an allowed source of script in the following Content Security Policy directive: "script-src 'self'".
", source:  (4)
[1116/074228.614:INFO:CONSOLE(4)] "[Report Only] Refused to evaluate a string as JavaScript because 'unsafe-eval' is not an allowed source of script in the following Content Security Policy directive: "script-src 'self'".
", source:  (4)
[1116/074228.614:INFO:CONSOLE(4)] "Uncaught EvalError: Refused to evaluate a string as JavaScript because 'unsafe-eval' is not an allowed source of script in the following Content Security Policy directive: "script-src 'self'".
", source:  (4)
[1116/074228.615:INFO:CONSOLE(4)] "[Report Only] Refused to evaluate a string as JavaScript because 'unsafe-eval' is not an allowed source of script in the following Content Security Policy directive: "script-src 'self'".
", source:  (4)
[1116/074228.615:INFO:CONSOLE(4)] "Uncaught EvalError: Refused to evaluate a string as JavaScript because 'unsafe-eval' is not an allowed source of script in the following Content Security Policy directive: "script-src 'self'".
", source:  (4)
[1116/074228.616:INFO:CONSOLE(4)] "[Report Only] Refused to evaluate a string as JavaScript because 'unsafe-eval' is not an allowed source of script in the following Content Security Policy directive: "script-src 'self'".
", source:  (4)
[1116/074228.616:INFO:CONSOLE(4)] "Uncaught EvalError: Refused to evaluate a string as JavaScript because 'unsafe-eval' is not an allowed source of script in the following Content Security Policy directive: "script-src 'self'".
", source:  (4)
[1116/074228.617:INFO:CONSOLE(4)] "[Report Only] Refused to evaluate a string as JavaScript because 'unsafe-eval' is not an allowed source of script in the following Content Security Policy directive: "script-src 'self'".
", source:  (4)
[1116/074228.617:INFO:CONSOLE(4)] "Uncaught EvalError: Refused to evaluate a string as JavaScript because 'unsafe-eval' is not an allowed source of script in the following Content Security Policy directive: "script-src 'self'".
", source:  (4)
[1116/074228.618:INFO:CONSOLE(4)] "[Report Only] Refused to evaluate a string as JavaScript because 'unsafe-eval' is not an allowed source of script in the following Content Security Policy directive: "script-src 'self'".
", source:  (4)
[1116/074228.618:INFO:CONSOLE(4)] "Uncaught EvalError: Refused to evaluate a string as JavaScript because 'unsafe-eval' is not an allowed source of script in the following Content Security Policy directive: "script-src 'self'".
", source:  (4)
[1116/074228.619:INFO:CONSOLE(4)] "[Report Only] Refused to evaluate a string as JavaScript because 'unsafe-eval' is not an allowed source of script in the following Content Security Policy directive: "script-src 'self'".
", source:  (4)
[1116/074228.619:INFO:CONSOLE(4)] "Uncaught EvalError: Refused to evaluate a string as JavaScript because 'unsafe-eval' is not an allowed source of script in the following Content Security Policy directive: "script-src 'self'".
", source:  (4)
[1116/074228.620:INFO:CONSOLE(4)] "[Report Only] Refused to evaluate a string as JavaScript because 'unsafe-eval' is not an allowed source of script in the following Content Security Policy directive: "script-src 'self'".
", source:  (4)
[1116/074228.620:INFO:CONSOLE(4)] "Uncaught EvalError: Refused to evaluate a string as JavaScript because 'unsafe-eval' is not an allowed source of script in the following Content Security Policy directive: "script-src 'self'".
", source:  (4)
[1116/074228.621:INFO:CONSOLE(4)] "[Report Only] Refused to evaluate a string as JavaScript because 'unsafe-eval' is not an allowed source of script in the following Content Security Policy directive: "script-src 'self'".
", source:  (4)
[1116/074228.621:INFO:CONSOLE(4)] "Uncaught EvalError: Refused to evaluate a string as JavaScript because 'unsafe-eval' is not an allowed source of script in the following Content Security Policy directive: "script-src 'self'".
", source:  (4)
[1116/074228.622:INFO:CONSOLE(4)] "[Report Only] Refused to evaluate a string as JavaScript because 'unsafe-eval' is not an allowed source of script in the following Content Security Policy directive: "script-src 'self'".
", source:  (4)
[1116/074228.622:INFO:CONSOLE(4)] "Uncaught EvalError: Refused to evaluate a string as JavaScript because 'unsafe-eval' is not an allowed source of script in the following Content Security Policy directive: "script-src 'self'".
", source:  (4)
[1116/074228.786:INFO:CONSOLE(21)] "Refused to apply inline style because it violates the following Content Security Policy directive: "style-src 'self'". Either the 'unsafe-inline' keyword, a hash ('sha256-Gj98pqNYDVLyz5a78q92DIbcC3juvxoVzhtG20Zbx2w='), or a nonce ('nonce-...') is required to enable inline execution.
", source: pptr://__puppeteer_evaluation_script__ (21)
[1116/074228.786:INFO:CONSOLE(21)] "[Report Only] Refused to apply inline style because it violates the following Content Security Policy directive: "style-src 'self'". Either the 'unsafe-inline' keyword, a hash ('sha256-Gj98pqNYDVLyz5a78q92DIbcC3juvxoVzhtG20Zbx2w='), or a nonce ('nonce-...') is required to enable inline execution.
", source: pptr://__puppeteer_evaluation_script__ (21)
[1116/074228.839:INFO:CONSOLE(4)] "Uncaught EvalError: Refused to evaluate a string as JavaScript because 'unsafe-eval' is not an allowed source of script in the following Content Security Policy directive: "script-src https://m.stripe.network 'sha256-e/Jqu4k9Gk1ZCWO6StAsfhF3i7qgIwfuitaD1g9DyvE='".
", source:  (4)
[1116/074228.842:INFO:CONSOLE(4)] "Uncaught EvalError: Refused to evaluate a string as JavaScript because 'unsafe-eval' is not an allowed source of script in the following Content Security Policy directive: "script-src https://m.stripe.network 'sha256-e/Jqu4k9Gk1ZCWO6StAsfhF3i7qgIwfuitaD1g9DyvE='".
", source:  (4)
[1116/074228.877:INFO:CONSOLE(4)] "Uncaught EvalError: Refused to evaluate a string as JavaScript because 'unsafe-eval' is not an allowed source of script in the following Content Security Policy directive: "script-src https://m.stripe.network 'sha256-e/Jqu4k9Gk1ZCWO6StAsfhF3i7qgIwfuitaD1g9DyvE='".
", source:  (4)
[1116/074228.879:INFO:CONSOLE(4)] "Uncaught EvalError: Refused to evaluate a string as JavaScript because 'unsafe-eval' is not an allowed source of script in the following Content Security Policy directive: "script-src https://m.stripe.network 'sha256-e/Jqu4k9Gk1ZCWO6StAsfhF3i7qgIwfuitaD1g9DyvE='".
", source:  (4)
[1116/074228.880:INFO:CONSOLE(4)] "Uncaught EvalError: Refused to evaluate a string as JavaScript because 'unsafe-eval' is not an allowed source of script in the following Content Security Policy directive: "script-src https://m.stripe.network 'sha256-e/Jqu4k9Gk1ZCWO6StAsfhF3i7qgIwfuitaD1g9DyvE='".
", source:  (4)
[1116/074228.880:INFO:CONSOLE(4)] "Uncaught EvalError: Refused to evaluate a string as JavaScript because 'unsafe-eval' is not an allowed source of script in the following Content Security Policy directive: "script-src https://m.stripe.network 'sha256-e/Jqu4k9Gk1ZCWO6StAsfhF3i7qgIwfuitaD1g9DyvE='".
", source:  (4)
[1116/074228.881:INFO:CONSOLE(4)] "Uncaught EvalError: Refused to evaluate a string as JavaScript because 'unsafe-eval' is not an allowed source of script in the following Content Security Policy directive: "script-src https://m.stripe.network 'sha256-e/Jqu4k9Gk1ZCWO6StAsfhF3i7qgIwfuitaD1g9DyvE='".
", source:  (4)
[1116/074228.883:INFO:CONSOLE(4)] "Uncaught EvalError: Refused to evaluate a string as JavaScript because 'unsafe-eval' is not an allowed source of script in the following Content Security Policy directive: "script-src https://m.stripe.network 'sha256-e/Jqu4k9Gk1ZCWO6StAsfhF3i7qgIwfuitaD1g9DyvE='".
", source:  (4)
[1116/074228.884:INFO:CONSOLE(4)] "Uncaught EvalError: Refused to evaluate a string as JavaScript because 'unsafe-eval' is not an allowed source of script in the following Content Security Policy directive: "script-src https://m.stripe.network 'sha256-e/Jqu4k9Gk1ZCWO6StAsfhF3i7qgIwfuitaD1g9DyvE='".
", source:  (4)
[1116/074228.886:INFO:CONSOLE(4)] "Uncaught EvalError: Refused to evaluate a string as JavaScript because 'unsafe-eval' is not an allowed source of script in the following Content Security Policy directive: "script-src https://m.stripe.network 'sha256-e/Jqu4k9Gk1ZCWO6StAsfhF3i7qgIwfuitaD1g9DyvE='".
", source:  (4)
[1116/074228.888:INFO:CONSOLE(4)] "Uncaught EvalError: Refused to evaluate a string as JavaScript because 'unsafe-eval' is not an allowed source of script in the following Content Security Policy directive: "script-src https://m.stripe.network 'sha256-e/Jqu4k9Gk1ZCWO6StAsfhF3i7qgIwfuitaD1g9DyvE='".
", source:  (4)
[1116/074228.963:INFO:CONSOLE(21)] "Refused to apply inline style because it violates the following Content Security Policy directive: "style-src https://m.stripe.network". Either the 'unsafe-inline' keyword, a hash ('sha256-Gj98pqNYDVLyz5a78q92DIbcC3juvxoVzhtG20Zbx2w='), or a nonce ('nonce-...') is required to enable inline execution.
", source: pptr://__puppeteer_evaluation_script__ (21)
[1116/074230.193:INFO:CONSOLE(987)] "Session API Error", source: https://shop.deere.com/jdb2cstorefront/JohnDeereStore/en/product/RE580643%3A-Tractor-Upper-Control-Arm-Ball-Joint/p/RE580643 (987)
[1116/074230.374:INFO:CONSOLE(9)] "Adobe Data Layer Push Event", source: https://assets.adobedtm.com/c271735be4ea/0dbfba1dfa0d/launch-ebdc6dd04d4d.min.js (9)
[1116/074230.376:INFO:CONSOLE(9)] "console.groupEnd", source: https://assets.adobedtm.com/c271735be4ea/0dbfba1dfa0d/launch-ebdc6dd04d4d.min.js (9)
[1116/074230.424:INFO:CONSOLE(3)] "Adobe Edge Collect Server Call", source: https://assets.adobedtm.com/c271735be4ea/0dbfba1dfa0d/launch-ebdc6dd04d4d.min.js (3)
[1116/074230.426:INFO:CONSOLE(3)] "console.groupEnd", source: https://assets.adobedtm.com/c271735be4ea/0dbfba1dfa0d/launch-ebdc6dd04d4d.min.js (3)
