[1117/011031.291:WARNING:backend_impl.cc(1816)] Destroying invalid entry.
[1117/011035.056:INFO:CONSOLE(86)] "%cERROR: : Root Log Group level Trace color: red;", source: https://shop.deere.com/jdb2cstorefront/_ui/responsive/common/js/tracker.js (86)
[1117/011035.975:INFO:CONSOLE(8)] "storageSpanner.deere initialized and ready on shop.deere.com [object Object]", source: https://assets.adobedtm.com/c271735be4ea/0dbfba1dfa0d/launch-ebdc6dd04d4d.min.js (8)
[1117/011036.014:INFO:CONSOLE(2)] "Error: <svg> attribute width: Expected length, "auto".", source: https://ecommerce-product-website-header-prod.cps-johndeerestore-prod-vpn.us.e32.c01.johndeerecloud.com/vendor/vendor.809cef0df44a91db3f47.js (2)
[1117/011036.014:INFO:CONSOLE(2)] "Error: <svg> attribute height: Expected length, "auto".", source: https://ecommerce-product-website-header-prod.cps-johndeerestore-prod-vpn.us.e32.c01.johndeerecloud.com/vendor/vendor.809cef0df44a91db3f47.js (2)
[1117/011036.053:INFO:CONSOLE(2)] "Error: <svg> attribute width: Expected length, "auto".", source: https://ecommerce-product-website-header-prod.cps-johndeerestore-prod-vpn.us.e32.c01.johndeerecloud.com/vendor/vendor.809cef0df44a91db3f47.js (2)
[1117/011036.053:INFO:CONSOLE(2)] "Error: <svg> attribute height: Expected length, "auto".", source: https://ecommerce-product-website-header-prod.cps-johndeerestore-prod-vpn.us.e32.c01.johndeerecloud.com/vendor/vendor.809cef0df44a91db3f47.js (2)
[1117/011036.850:INFO:CONSOLE(4)] "[Report Only] Refused to evaluate a string as JavaScript because 'unsafe-eval' is not an allowed source of script in the following Content Security Policy directive: "script-src 'self'".
", source:  (4)
[1117/011036.851:INFO:CONSOLE(4)] "Uncaught EvalError: Refused to evaluate a string as JavaScript because 'unsafe-eval' is not an allowed source of script in the following Content Security Policy directive: "script-src 'self'".
", source:  (4)
[1117/011036.852:INFO:CONSOLE(4)] "[Report Only] Refused to evaluate a string as JavaScript because 'unsafe-eval' is not an allowed source of script in the following Content Security Policy directive: "script-src 'self'".
", source:  (4)
[1117/011036.852:INFO:CONSOLE(4)] "Uncaught EvalError: Refused to evaluate a string as JavaScript because 'unsafe-eval' is not an allowed source of script in the following Content Security Policy directive: "script-src 'self'".
", source:  (4)
[1117/011036.852:INFO:CONSOLE(4)] "[Report Only] Refused to evaluate a string as JavaScript because 'unsafe-eval' is not an allowed source of script in the following Content Security Policy directive: "script-src 'self'".
", source:  (4)
[1117/011036.853:INFO:CONSOLE(4)] "Uncaught EvalError: Refused to evaluate a string as JavaScript because 'unsafe-eval' is not an allowed source of script in the following Content Security Policy directive: "script-src 'self'".
", source:  (4)
[1117/011036.853:INFO:CONSOLE(4)] "[Report Only] Refused to evaluate a string as JavaScript because 'unsafe-eval' is not an allowed source of script in the following Content Security Policy directive: "script-src 'self'".
", source:  (4)
[1117/011036.854:INFO:CONSOLE(4)] "Uncaught EvalError: Refused to evaluate a string as JavaScript because 'unsafe-eval' is not an allowed source of script in the following Content Security Policy directive: "script-src 'self'".
", source:  (4)
[1117/011036.855:INFO:CONSOLE(4)] "[Report Only] Refused to evaluate a string as JavaScript because 'unsafe-eval' is not an allowed source of script in the following Content Security Policy directive: "script-src 'self'".
", source:  (4)
[1117/011036.855:INFO:CONSOLE(4)] "Uncaught EvalError: Refused to evaluate a string as JavaScript because 'unsafe-eval' is not an allowed source of script in the following Content Security Policy directive: "script-src 'self'".
", source:  (4)
[1117/011036.856:INFO:CONSOLE(4)] "[Report Only] Refused to evaluate a string as JavaScript because 'unsafe-eval' is not an allowed source of script in the following Content Security Policy directive: "script-src 'self'".
", source:  (4)
[1117/011036.856:INFO:CONSOLE(4)] "Uncaught EvalError: Refused to evaluate a string as JavaScript because 'unsafe-eval' is not an allowed source of script in the following Content Security Policy directive: "script-src 'self'".
", source:  (4)
[1117/011036.856:INFO:CONSOLE(4)] "[Report Only] Refused to evaluate a string as JavaScript because 'unsafe-eval' is not an allowed source of script in the following Content Security Policy directive: "script-src 'self'".
", source:  (4)
[1117/011036.857:INFO:CONSOLE(4)] "Uncaught EvalError: Refused to evaluate a string as JavaScript because 'unsafe-eval' is not an allowed source of script in the following Content Security Policy directive: "script-src 'self'".
", source:  (4)
[1117/011036.858:INFO:CONSOLE(4)] "[Report Only] Refused to evaluate a string as JavaScript because 'unsafe-eval' is not an allowed source of script in the following Content Security Policy directive: "script-src 'self'".
", source:  (4)
[1117/011036.858:INFO:CONSOLE(4)] "Uncaught EvalError: Refused to evaluate a string as JavaScript because 'unsafe-eval' is not an allowed source of script in the following Content Security Policy directive: "script-src 'self'".
", source:  (4)
[1117/011036.859:INFO:CONSOLE(4)] "[Report Only] Refused to evaluate a string as JavaScript because 'unsafe-eval' is not an allowed source of script in the following Content Security Policy directive: "script-src 'self'".
", source:  (4)
[1117/011036.860:INFO:CONSOLE(4)] "Uncaught EvalError: Refused to evaluate a string as JavaScript because 'unsafe-eval' is not an allowed source of script in the following Content Security Policy directive: "script-src 'self'".
", source:  (4)
[1117/011036.861:INFO:CONSOLE(4)] "[Report Only] Refused to evaluate a string as JavaScript because 'unsafe-eval' is not an allowed source of script in the following Content Security Policy directive: "script-src 'self'".
", source:  (4)
[1117/011036.861:INFO:CONSOLE(4)] "Uncaught EvalError: Refused to evaluate a string as JavaScript because 'unsafe-eval' is not an allowed source of script in the following Content Security Policy directive: "script-src 'self'".
", source:  (4)
[1117/011036.863:INFO:CONSOLE(4)] "[Report Only] Refused to evaluate a string as JavaScript because 'unsafe-eval' is not an allowed source of script in the following Content Security Policy directive: "script-src 'self'".
", source:  (4)
[1117/011036.863:INFO:CONSOLE(4)] "Uncaught EvalError: Refused to evaluate a string as JavaScript because 'unsafe-eval' is not an allowed source of script in the following Content Security Policy directive: "script-src 'self'".
", source:  (4)
[1117/011037.079:INFO:CONSOLE(21)] "Refused to apply inline style because it violates the following Content Security Policy directive: "style-src 'self'". Either the 'unsafe-inline' keyword, a hash ('sha256-Gj98pqNYDVLyz5a78q92DIbcC3juvxoVzhtG20Zbx2w='), or a nonce ('nonce-...') is required to enable inline execution.
", source: pptr://__puppeteer_evaluation_script__ (21)
[1117/011037.081:INFO:CONSOLE(21)] "[Report Only] Refused to apply inline style because it violates the following Content Security Policy directive: "style-src 'self'". Either the 'unsafe-inline' keyword, a hash ('sha256-Gj98pqNYDVLyz5a78q92DIbcC3juvxoVzhtG20Zbx2w='), or a nonce ('nonce-...') is required to enable inline execution.
", source: pptr://__puppeteer_evaluation_script__ (21)
[1117/011037.297:INFO:CONSOLE(4)] "Uncaught EvalError: Refused to evaluate a string as JavaScript because 'unsafe-eval' is not an allowed source of script in the following Content Security Policy directive: "script-src https://m.stripe.network 'sha256-e/Jqu4k9Gk1ZCWO6StAsfhF3i7qgIwfuitaD1g9DyvE='".
", source:  (4)
[1117/011037.298:INFO:CONSOLE(4)] "Uncaught EvalError: Refused to evaluate a string as JavaScript because 'unsafe-eval' is not an allowed source of script in the following Content Security Policy directive: "script-src https://m.stripe.network 'sha256-e/Jqu4k9Gk1ZCWO6StAsfhF3i7qgIwfuitaD1g9DyvE='".
", source:  (4)
[1117/011037.298:INFO:CONSOLE(4)] "Uncaught EvalError: Refused to evaluate a string as JavaScript because 'unsafe-eval' is not an allowed source of script in the following Content Security Policy directive: "script-src https://m.stripe.network 'sha256-e/Jqu4k9Gk1ZCWO6StAsfhF3i7qgIwfuitaD1g9DyvE='".
", source:  (4)
[1117/011037.299:INFO:CONSOLE(4)] "Uncaught EvalError: Refused to evaluate a string as JavaScript because 'unsafe-eval' is not an allowed source of script in the following Content Security Policy directive: "script-src https://m.stripe.network 'sha256-e/Jqu4k9Gk1ZCWO6StAsfhF3i7qgIwfuitaD1g9DyvE='".
", source:  (4)
[1117/011037.299:INFO:CONSOLE(4)] "Uncaught EvalError: Refused to evaluate a string as JavaScript because 'unsafe-eval' is not an allowed source of script in the following Content Security Policy directive: "script-src https://m.stripe.network 'sha256-e/Jqu4k9Gk1ZCWO6StAsfhF3i7qgIwfuitaD1g9DyvE='".
", source:  (4)
[1117/011037.314:INFO:CONSOLE(4)] "Uncaught EvalError: Refused to evaluate a string as JavaScript because 'unsafe-eval' is not an allowed source of script in the following Content Security Policy directive: "script-src https://m.stripe.network 'sha256-e/Jqu4k9Gk1ZCWO6StAsfhF3i7qgIwfuitaD1g9DyvE='".
", source:  (4)
[1117/011037.315:INFO:CONSOLE(4)] "Uncaught EvalError: Refused to evaluate a string as JavaScript because 'unsafe-eval' is not an allowed source of script in the following Content Security Policy directive: "script-src https://m.stripe.network 'sha256-e/Jqu4k9Gk1ZCWO6StAsfhF3i7qgIwfuitaD1g9DyvE='".
", source:  (4)
[1117/011037.316:INFO:CONSOLE(4)] "Uncaught EvalError: Refused to evaluate a string as JavaScript because 'unsafe-eval' is not an allowed source of script in the following Content Security Policy directive: "script-src https://m.stripe.network 'sha256-e/Jqu4k9Gk1ZCWO6StAsfhF3i7qgIwfuitaD1g9DyvE='".
", source:  (4)
[1117/011037.316:INFO:CONSOLE(4)] "Uncaught EvalError: Refused to evaluate a string as JavaScript because 'unsafe-eval' is not an allowed source of script in the following Content Security Policy directive: "script-src https://m.stripe.network 'sha256-e/Jqu4k9Gk1ZCWO6StAsfhF3i7qgIwfuitaD1g9DyvE='".
", source:  (4)
[1117/011037.317:INFO:CONSOLE(4)] "Uncaught EvalError: Refused to evaluate a string as JavaScript because 'unsafe-eval' is not an allowed source of script in the following Content Security Policy directive: "script-src https://m.stripe.network 'sha256-e/Jqu4k9Gk1ZCWO6StAsfhF3i7qgIwfuitaD1g9DyvE='".
", source:  (4)
[1117/011037.318:INFO:CONSOLE(4)] "Uncaught EvalError: Refused to evaluate a string as JavaScript because 'unsafe-eval' is not an allowed source of script in the following Content Security Policy directive: "script-src https://m.stripe.network 'sha256-e/Jqu4k9Gk1ZCWO6StAsfhF3i7qgIwfuitaD1g9DyvE='".
", source:  (4)
[1117/011037.365:INFO:CONSOLE(21)] "Refused to apply inline style because it violates the following Content Security Policy directive: "style-src https://m.stripe.network". Either the 'unsafe-inline' keyword, a hash ('sha256-Gj98pqNYDVLyz5a78q92DIbcC3juvxoVzhtG20Zbx2w='), or a nonce ('nonce-...') is required to enable inline execution.
", source: pptr://__puppeteer_evaluation_script__ (21)
[1117/011037.992:INFO:CONSOLE(993)] "Session API Error", source: https://shop.deere.com/jdb2cstorefront/JohnDeereStore/en/product/SJ24089%3A-Piston-Pin%2C-Telescopic-Draft-Link-Lock/p/SJ24089 (993)
[1117/011038.201:INFO:CONSOLE(9)] "Adobe Data Layer Push Event", source: https://assets.adobedtm.com/c271735be4ea/0dbfba1dfa0d/launch-ebdc6dd04d4d.min.js (9)
[1117/011038.202:INFO:CONSOLE(9)] "console.groupEnd", source: https://assets.adobedtm.com/c271735be4ea/0dbfba1dfa0d/launch-ebdc6dd04d4d.min.js (9)
[1117/011038.224:INFO:CONSOLE(3)] "Adobe Edge Collect Server Call", source: https://assets.adobedtm.com/c271735be4ea/0dbfba1dfa0d/launch-ebdc6dd04d4d.min.js (3)
[1117/011038.225:INFO:CONSOLE(3)] "console.groupEnd", source: https://assets.adobedtm.com/c271735be4ea/0dbfba1dfa0d/launch-ebdc6dd04d4d.min.js (3)
